<?xml version="1.0" encoding="UTF-8"?>
<!-- Generated by org.testng.reporters.JUnitXMLReporter -->
<testsuite hostname="LAPTOP-18R30RO2" name="Smoke Testing" tests="9" failures="0" timestamp="21 Dec 2023 12:26:51 GMT" time="27.925" errors="0">
  <testcase name="loginPageTitleTest" time="0.01" classname="com.admin.qa.testcases.LoginPageTest"/>
  <testcase name="loginTest" time="1.171" classname="com.admin.qa.testcases.LoginPageTest"/>
  <testcase name="addCourse" time="2.184" classname="com.admin.qa.testcases.CoursesListTest"/>
  <testcase name="verifyCoursesListPageTitle" time="0.033" classname="com.admin.qa.testcases.CoursesListTest"/>
  <testcase name="changePassword" time="0.427" classname="com.admin.qa.testcases.ChangePasswordPageTest"/>
  <testcase name="verifycategoryListDisplayed" time="0.052" classname="com.admin.qa.testcases.CategoryListTest"/>
  <testcase name="verifyCategoryListTable" time="0.058" classname="com.admin.qa.testcases.CategoryListTest"/>
  <testcase name="verifyAddCatgoryBtn" time="0.75" classname="com.admin.qa.testcases.CategoryListTest"/>
  <testcase name="verifyAddCategory" time="0.701" classname="com.admin.qa.testcases.CategoryListTest"/>
</testsuite> <!-- Smoke Testing -->
