<?xml version="1.0" encoding="UTF-8"?>
<!-- Generated by org.testng.reporters.JUnitXMLReporter -->
<testsuite hostname="LAPTOP-18R30RO2" name="Default test" tests="4" failures="0" timestamp="21 Dec 2023 10:21:45 GMT" time="8.602" errors="0">
  <testcase name="verifycategoryListDisplayed" time="0.147" classname="com.admin.qa.testcases.CategoryListTest"/>
  <testcase name="verifyCategoryListTable" time="0.154" classname="com.admin.qa.testcases.CategoryListTest"/>
  <testcase name="verifyAddCatgoryBtn" time="1.151" classname="com.admin.qa.testcases.CategoryListTest"/>
  <testcase name="verifyAddCategory" time="1.241" classname="com.admin.qa.testcases.CategoryListTest"/>
</testsuite> <!-- Default test -->
