<?xml version="1.0" encoding="UTF-8"?>
<!-- Generated by org.testng.reporters.JUnitXMLReporter -->
<testsuite hostname="LAPTOP-18R30RO2" ignored="0" name="Command line test" tests="9" failures="0" timestamp="2023-12-21T17:57:55 IST" time="28.957" errors="0">
  <testcase name="verifycategoryListDisplayed" time="0.056" classname="com.admin.qa.testcases.CategoryListTest"/>
  <testcase name="verifyCategoryListTable" time="0.072" classname="com.admin.qa.testcases.CategoryListTest"/>
  <testcase name="verifyAddCatgoryBtn" time="0.734" classname="com.admin.qa.testcases.CategoryListTest"/>
  <testcase name="verifyAddCategory" time="0.737" classname="com.admin.qa.testcases.CategoryListTest"/>
  <testcase name="changePassword" time="0.391" classname="com.admin.qa.testcases.ChangePasswordPageTest"/>
  <testcase name="addCourse" time="1.975" classname="com.admin.qa.testcases.CoursesListTest"/>
  <testcase name="verifyCoursesListPageTitle" time="0.039" classname="com.admin.qa.testcases.CoursesListTest"/>
  <testcase name="loginPageTitleTest" time="0.025" classname="com.admin.qa.testcases.LoginPageTest"/>
  <testcase name="loginTest" time="1.191" classname="com.admin.qa.testcases.LoginPageTest"/>
</testsuite> <!-- Command line test -->
