<?xml version="1.0" encoding="UTF-8"?>
<!-- Generated by org.testng.reporters.JUnitXMLReporter -->
<testsuite hostname="LAPTOP-18R30RO2" name="Smoke Testing" tests="6" failures="0" timestamp="21 Dec 2023 12:23:10 GMT" time="14.961" errors="0">
  <testcase name="loginPageTitleTest" time="0.017" classname="com.admin.qa.testcases.LoginPageTest"/>
  <testcase name="loginTest" time="1.207" classname="com.admin.qa.testcases.LoginPageTest"/>
  <testcase name="verifycategoryListDisplayed" time="0.057" classname="com.admin.qa.testcases.CategoryListTest"/>
  <testcase name="verifyCategoryListTable" time="0.064" classname="com.admin.qa.testcases.CategoryListTest"/>
  <testcase name="verifyAddCatgoryBtn" time="1.51" classname="com.admin.qa.testcases.CategoryListTest"/>
  <testcase name="verifyAddCategory" time="0.766" classname="com.admin.qa.testcases.CategoryListTest"/>
</testsuite> <!-- Smoke Testing -->
