<?xml version="1.0" encoding="UTF-8"?>
<testng-results skipped="0" failed="0" ignored="0" total="9" passed="9">
  <reporter-output>
  </reporter-output>
  <suite name="Command line suite" duration-ms="28957" started-at="2023-12-21T17:57:26 IST" finished-at="2023-12-21T17:57:55 IST">
    <groups>
    </groups>
    <test name="Command line test" duration-ms="28957" started-at="2023-12-21T17:57:26 IST" finished-at="2023-12-21T17:57:55 IST">
      <class name="com.admin.qa.testcases.CoursesListTest">
        <test-method status="PASS" signature="coursesListMenu()[pri:0, instance:com.admin.qa.testcases.CoursesListTest@6fd02e5]" name="coursesListMenu" is-config="true" duration-ms="3195" started-at="2023-12-21T17:57:43 IST" finished-at="2023-12-21T17:57:46 IST">
          <reporter-output>
          </reporter-output>
        </test-method> <!-- coursesListMenu -->
        <test-method status="PASS" signature="addCourse()[pri:0, instance:com.admin.qa.testcases.CoursesListTest@6fd02e5]" name="addCourse" duration-ms="1975" started-at="2023-12-21T17:57:46 IST" finished-at="2023-12-21T17:57:48 IST">
          <reporter-output>
          </reporter-output>
        </test-method> <!-- addCourse -->
        <test-method status="PASS" signature="verifyCoursesListPageTitle()[pri:0, instance:com.admin.qa.testcases.CoursesListTest@6fd02e5]" name="verifyCoursesListPageTitle" duration-ms="39" started-at="2023-12-21T17:57:48 IST" finished-at="2023-12-21T17:57:48 IST">
          <reporter-output>
          </reporter-output>
        </test-method> <!-- verifyCoursesListPageTitle -->
        <test-method status="PASS" signature="tearDown()[pri:0, instance:com.admin.qa.testcases.CoursesListTest@6fd02e5]" name="tearDown" is-config="true" duration-ms="193" started-at="2023-12-21T17:57:48 IST" finished-at="2023-12-21T17:57:48 IST">
          <reporter-output>
          </reporter-output>
        </test-method> <!-- tearDown -->
      </class> <!-- com.admin.qa.testcases.CoursesListTest -->
      <class name="com.admin.qa.testcases.LoginPageTest">
        <test-method status="PASS" signature="setUp()[pri:0, instance:com.admin.qa.testcases.LoginPageTest@5bcab519]" name="setUp" is-config="true" duration-ms="2041" started-at="2023-12-21T17:57:48 IST" finished-at="2023-12-21T17:57:50 IST">
          <reporter-output>
          </reporter-output>
        </test-method> <!-- setUp -->
        <test-method status="PASS" signature="loginPageTitleTest()[pri:1, instance:com.admin.qa.testcases.LoginPageTest@5bcab519]" name="loginPageTitleTest" duration-ms="25" started-at="2023-12-21T17:57:50 IST" finished-at="2023-12-21T17:57:50 IST">
          <reporter-output>
          </reporter-output>
        </test-method> <!-- loginPageTitleTest -->
        <test-method status="PASS" signature="tearDown()[pri:0, instance:com.admin.qa.testcases.LoginPageTest@5bcab519]" name="tearDown" is-config="true" duration-ms="746" started-at="2023-12-21T17:57:50 IST" finished-at="2023-12-21T17:57:51 IST">
          <reporter-output>
          </reporter-output>
        </test-method> <!-- tearDown -->
        <test-method status="PASS" signature="setUp()[pri:0, instance:com.admin.qa.testcases.LoginPageTest@5bcab519]" name="setUp" is-config="true" duration-ms="2138" started-at="2023-12-21T17:57:51 IST" finished-at="2023-12-21T17:57:53 IST">
          <reporter-output>
          </reporter-output>
        </test-method> <!-- setUp -->
        <test-method status="PASS" signature="loginTest()[pri:2, instance:com.admin.qa.testcases.LoginPageTest@5bcab519]" name="loginTest" duration-ms="1191" started-at="2023-12-21T17:57:53 IST" finished-at="2023-12-21T17:57:55 IST">
          <reporter-output>
          </reporter-output>
        </test-method> <!-- loginTest -->
        <test-method status="PASS" signature="tearDown()[pri:0, instance:com.admin.qa.testcases.LoginPageTest@5bcab519]" name="tearDown" is-config="true" duration-ms="782" started-at="2023-12-21T17:57:55 IST" finished-at="2023-12-21T17:57:55 IST">
          <reporter-output>
          </reporter-output>
        </test-method> <!-- tearDown -->
      </class> <!-- com.admin.qa.testcases.LoginPageTest -->
      <class name="com.admin.qa.testcases.ChangePasswordPageTest">
        <test-method status="PASS" signature="setUp()[pri:0, instance:com.admin.qa.testcases.ChangePasswordPageTest@5700d6b1]" name="setUp" is-config="true" duration-ms="9320" started-at="2023-12-21T17:57:32 IST" finished-at="2023-12-21T17:57:41 IST">
          <reporter-output>
          </reporter-output>
        </test-method> <!-- setUp -->
        <test-method status="PASS" signature="changePassword()[pri:0, instance:com.admin.qa.testcases.ChangePasswordPageTest@5700d6b1]" name="changePassword" duration-ms="391" started-at="2023-12-21T17:57:41 IST" finished-at="2023-12-21T17:57:42 IST">
          <reporter-output>
          </reporter-output>
        </test-method> <!-- changePassword -->
        <test-method status="PASS" signature="tearDown()[pri:0, instance:com.admin.qa.testcases.ChangePasswordPageTest@5700d6b1]" name="tearDown" is-config="true" duration-ms="1193" started-at="2023-12-21T17:57:42 IST" finished-at="2023-12-21T17:57:43 IST">
          <reporter-output>
          </reporter-output>
        </test-method> <!-- tearDown -->
      </class> <!-- com.admin.qa.testcases.ChangePasswordPageTest -->
      <class name="com.admin.qa.testcases.CategoryListTest">
        <test-method status="PASS" signature="categoryList()[pri:0, instance:com.admin.qa.testcases.CategoryListTest@1ce92674]" name="categoryList" is-config="true" duration-ms="3872" started-at="2023-12-21T17:57:26 IST" finished-at="2023-12-21T17:57:30 IST">
          <reporter-output>
          </reporter-output>
        </test-method> <!-- categoryList -->
        <test-method status="PASS" signature="verifycategoryListDisplayed()[pri:1, instance:com.admin.qa.testcases.CategoryListTest@1ce92674]" name="verifycategoryListDisplayed" duration-ms="56" started-at="2023-12-21T17:57:30 IST" finished-at="2023-12-21T17:57:30 IST">
          <reporter-output>
          </reporter-output>
        </test-method> <!-- verifycategoryListDisplayed -->
        <test-method status="PASS" signature="verifyCategoryListTable()[pri:2, instance:com.admin.qa.testcases.CategoryListTest@1ce92674]" name="verifyCategoryListTable" duration-ms="72" started-at="2023-12-21T17:57:30 IST" finished-at="2023-12-21T17:57:30 IST">
          <reporter-output>
          </reporter-output>
        </test-method> <!-- verifyCategoryListTable -->
        <test-method status="PASS" signature="verifyAddCatgoryBtn()[pri:3, instance:com.admin.qa.testcases.CategoryListTest@1ce92674]" name="verifyAddCatgoryBtn" duration-ms="734" started-at="2023-12-21T17:57:30 IST" finished-at="2023-12-21T17:57:31 IST">
          <reporter-output>
          </reporter-output>
        </test-method> <!-- verifyAddCatgoryBtn -->
        <test-method status="PASS" signature="verifyAddCategory()[pri:4, instance:com.admin.qa.testcases.CategoryListTest@1ce92674]" name="verifyAddCategory" duration-ms="737" started-at="2023-12-21T17:57:31 IST" finished-at="2023-12-21T17:57:32 IST">
          <reporter-output>
          </reporter-output>
        </test-method> <!-- verifyAddCategory -->
        <test-method status="PASS" signature="tearDown()[pri:0, instance:com.admin.qa.testcases.CategoryListTest@1ce92674]" name="tearDown" is-config="true" duration-ms="215" started-at="2023-12-21T17:57:32 IST" finished-at="2023-12-21T17:57:32 IST">
          <reporter-output>
          </reporter-output>
        </test-method> <!-- tearDown -->
      </class> <!-- com.admin.qa.testcases.CategoryListTest -->
    </test> <!-- Command line test -->
  </suite> <!-- Command line suite -->
</testng-results>
