<?xml version="1.0" encoding="UTF-8"?>
<testng-results skipped="0" failed="0" total="1" passed="1">
  <reporter-output>
  </reporter-output>
  <suite name="Default suite" duration-ms="12070" started-at="2024-04-27T07:41:53Z" finished-at="2024-04-27T07:42:05Z">
    <groups>
    </groups>
    <test name="Default test" duration-ms="12070" started-at="2024-04-27T07:41:53Z" finished-at="2024-04-27T07:42:05Z">
      <class name="com.admin.qa.testcases.ChangePasswordPageTest">
        <test-method status="PASS" signature="setUp()[pri:0, instance:com.admin.qa.testcases.ChangePasswordPageTest@6e8dacdf]" name="setUp" is-config="true" duration-ms="9921" started-at="2024-04-27T13:11:53Z" finished-at="2024-04-27T13:12:03Z">
          <reporter-output>
          </reporter-output>
        </test-method> <!-- setUp -->
        <test-method status="PASS" signature="changePassword()[pri:0, instance:com.admin.qa.testcases.ChangePasswordPageTest@6e8dacdf]" name="changePassword" duration-ms="654" started-at="2024-04-27T13:12:03Z" finished-at="2024-04-27T13:12:03Z">
          <reporter-output>
          </reporter-output>
        </test-method> <!-- changePassword -->
        <test-method status="PASS" signature="tearDown()[pri:0, instance:com.admin.qa.testcases.ChangePasswordPageTest@6e8dacdf]" name="tearDown" is-config="true" duration-ms="1482" started-at="2024-04-27T13:12:03Z" finished-at="2024-04-27T13:12:05Z">
          <reporter-output>
          </reporter-output>
        </test-method> <!-- tearDown -->
      </class> <!-- com.admin.qa.testcases.ChangePasswordPageTest -->
    </test> <!-- Default test -->
  </suite> <!-- Default suite -->
</testng-results>
